TN:
SF:src\app.controller.ts
FN:6,(anonymous_2)
FN:9,(anonymous_3)
FNF:2
FNH:2
FNDA:1,(anonymous_2)
FNDA:1,(anonymous_3)
DA:1,1
DA:2,1
DA:5,1
DA:6,1
DA:9,1
DA:10,1
LF:6
LH:6
BRF:0
BRH:0
end_of_record
TN:
SF:src\app.module.ts
FN:18,(anonymous_1)
FNF:1
FNH:0
FNDA:0,(anonymous_1)
DA:1,0
DA:2,0
DA:3,0
DA:4,0
DA:5,0
DA:6,0
DA:7,0
DA:8,0
DA:9,0
DA:10,0
DA:18,0
DA:36,0
LF:12
LH:0
BRF:0
BRH:0
end_of_record
TN:
SF:src\app.service.ts
FN:5,(anonymous_1)
FNF:1
FNH:1
FNDA:1,(anonymous_1)
DA:1,1
DA:4,1
DA:6,1
LF:3
LH:3
BRF:0
BRH:0
end_of_record
TN:
SF:src\main.ts
FN:5,bootstrap
FNF:1
FNH:0
FNDA:0,bootstrap
DA:1,0
DA:2,0
DA:3,0
DA:6,0
DA:8,0
DA:17,0
DA:24,0
DA:25,0
DA:27,0
DA:30,0
LF:10
LH:0
BRF:0
BRH:0
end_of_record
TN:
SF:src\movies\movies.module.ts
FNF:0
FNH:0
DA:1,0
DA:2,0
DA:3,0
DA:4,0
DA:11,0
LF:5
LH:0
BRF:0
BRH:0
end_of_record
TN:
SF:src\movies\controller\movies.controller.ts
FN:26,(anonymous_4)
FN:59,(anonymous_5)
FN:80,(anonymous_6)
FNF:3
FNH:3
FNDA:3,(anonymous_4)
FNDA:1,(anonymous_5)
FNDA:1,(anonymous_6)
DA:1,1
DA:9,1
DA:17,1
DA:18,1
DA:19,1
DA:25,1
DA:26,3
DA:59,1
DA:65,1
DA:80,1
DA:81,1
LF:11
LH:11
BRF:0
BRH:0
end_of_record
TN:
SF:src\movies\dto\movies.dto.ts
FNF:0
FNH:0
DA:1,1
DA:3,1
DA:5,1
DA:8,1
DA:14,1
DA:17,1
DA:20,1
DA:23,1
DA:26,1
DA:29,1
DA:32,1
DA:35,1
DA:38,1
DA:41,1
DA:44,1
DA:47,1
DA:50,1
DA:52,1
DA:55,1
DA:58,1
DA:64,1
LF:21
LH:21
BRF:0
BRH:0
end_of_record
TN:
SF:src\movies\service\movies.service.ts
FN:11,(anonymous_2)
FN:16,(anonymous_3)
FN:40,(anonymous_4)
FN:49,(anonymous_5)
FN:63,(anonymous_6)
FNF:5
FNH:0
FNDA:0,(anonymous_2)
FNDA:0,(anonymous_3)
FNDA:0,(anonymous_4)
FNDA:0,(anonymous_5)
FNDA:0,(anonymous_6)
DA:1,2
DA:2,2
DA:3,2
DA:4,2
DA:9,2
DA:10,0
DA:12,0
DA:13,0
DA:22,0
DA:24,0
DA:25,0
DA:26,0
DA:30,0
DA:41,0
DA:42,0
DA:46,0
DA:50,0
DA:51,0
DA:53,0
DA:64,0
DA:65,0
DA:70,0
LF:22
LH:5
BRDA:17,0,0,0
BRDA:19,1,0,0
BRDA:20,2,0,0
BRDA:25,3,0,0
BRDA:25,4,0,0
BRDA:25,4,1,0
BRF:6
BRH:0
end_of_record
TN:
SF:src\reservation\reservation.module.ts
FNF:0
FNH:0
DA:1,0
DA:2,0
DA:3,0
DA:4,0
DA:5,0
DA:6,0
DA:7,0
DA:14,0
LF:8
LH:0
BRF:0
BRH:0
end_of_record
TN:
SF:src\reservation\controller\reservation.controller.ts
FN:32,(anonymous_4)
FN:51,(anonymous_5)
FN:65,(anonymous_6)
FN:83,(anonymous_7)
FNF:4
FNH:0
FNDA:0,(anonymous_4)
FNDA:0,(anonymous_5)
FNDA:0,(anonymous_6)
FNDA:0,(anonymous_7)
DA:1,0
DA:12,0
DA:19,0
DA:20,0
DA:25,0
DA:31,0
DA:32,0
DA:51,0
DA:55,0
DA:65,0
DA:68,0
DA:83,0
DA:87,0
LF:13
LH:0
BRF:0
BRH:0
end_of_record
TN:
SF:src\reservation\dto\reservation.dto.ts
FNF:0
FNH:0
DA:1,0
DA:3,0
DA:5,0
DA:8,0
DA:11,0
DA:13,0
DA:16,0
DA:19,0
DA:22,0
DA:24,0
DA:27,0
DA:29,0
DA:32,0
LF:13
LH:0
BRF:0
BRH:0
end_of_record
TN:
SF:src\reservation\entity\reservation.entity.ts
FN:21,(anonymous_2)
FN:21,(anonymous_3)
FNF:2
FNH:0
FNDA:0,(anonymous_2)
FNDA:0,(anonymous_3)
DA:1,3
DA:8,3
DA:11,3
DA:13,3
DA:16,3
DA:19,3
DA:21,0
DA:23,3
LF:8
LH:7
BRF:0
BRH:0
end_of_record
TN:
SF:src\reservation\service\reservation.service.ts
FN:17,(anonymous_4)
FN:23,(anonymous_5)
FN:55,(anonymous_6)
FN:60,(anonymous_7)
FN:70,(anonymous_8)
FN:75,(anonymous_9)
FN:80,(anonymous_10)
FN:102,(anonymous_11)
FNF:8
FNH:5
FNDA:3,(anonymous_4)
FNDA:1,(anonymous_5)
FNDA:0,(anonymous_6)
FNDA:1,(anonymous_7)
FNDA:1,(anonymous_8)
FNDA:0,(anonymous_9)
FNDA:1,(anonymous_10)
FNDA:0,(anonymous_11)
DA:1,1
DA:10,1
DA:11,1
DA:12,1
DA:13,1
DA:16,1
DA:18,3
DA:20,3
DA:24,1
DA:25,1
DA:26,1
DA:27,1
DA:28,1
DA:29,1
DA:35,1
DA:36,0
DA:40,1
DA:45,1
DA:46,1
DA:50,1
DA:55,0
DA:61,1
DA:62,1
DA:63,1
DA:67,1
DA:68,0
DA:70,1
DA:75,0
DA:81,1
DA:82,1
DA:83,1
DA:87,1
DA:88,0
DA:92,1
DA:93,1
DA:94,0
DA:98,1
DA:102,0
LF:38
LH:31
BRDA:35,0,0,0
BRDA:54,1,0,0
BRDA:54,1,1,0
BRDA:67,2,0,0
BRDA:74,3,0,0
BRDA:74,3,1,1
BRDA:87,4,0,0
BRDA:93,5,0,0
BRDA:101,6,0,0
BRDA:101,6,1,1
BRF:10
BRH:2
end_of_record
TN:
SF:src\user\user.module.ts
FN:16,(anonymous_1)
FNF:1
FNH:0
FNDA:0,(anonymous_1)
DA:1,0
DA:2,0
DA:3,0
DA:4,0
DA:5,0
DA:6,0
DA:7,0
DA:8,0
DA:9,0
DA:16,0
DA:26,0
LF:11
LH:0
BRF:0
BRH:0
end_of_record
TN:
SF:src\user\controller\user.controller.ts
FN:9,(anonymous_4)
FN:14,(anonymous_5)
FN:21,(anonymous_6)
FNF:3
FNH:2
FNDA:2,(anonymous_4)
FNDA:0,(anonymous_5)
FNDA:1,(anonymous_6)
DA:1,1
DA:2,1
DA:3,1
DA:4,1
DA:8,1
DA:9,2
DA:14,1
DA:15,0
DA:21,1
DA:22,1
LF:10
LH:9
BRF:0
BRH:0
end_of_record
TN:
SF:src\user\dto\user.dto.ts
FNF:0
FNH:0
DA:1,1
DA:2,1
DA:4,1
DA:7,1
DA:11,1
DA:14,1
DA:17,1
DA:21,1
DA:26,1
LF:9
LH:9
BRF:0
BRH:0
end_of_record
TN:
SF:src\user\entity\user.entity.ts
FN:18,(anonymous_2)
FN:18,(anonymous_3)
FNF:2
FNH:0
FNDA:0,(anonymous_2)
FNDA:0,(anonymous_3)
DA:1,3
DA:2,3
DA:5,3
DA:7,3
DA:10,3
DA:13,3
DA:16,3
DA:18,0
DA:19,3
LF:9
LH:8
BRF:0
BRH:0
end_of_record
TN:
SF:src\user\jwt\jwt-auth.guard.ts
FNF:0
FNH:0
DA:1,1
DA:2,1
DA:5,1
LF:3
LH:3
BRF:0
BRH:0
end_of_record
TN:
SF:src\user\jwt\jwt.strategy.ts
FN:8,(anonymous_2)
FN:16,(anonymous_3)
FNF:2
FNH:0
FNDA:0,(anonymous_2)
FNDA:0,(anonymous_3)
DA:1,0
DA:2,0
DA:3,0
DA:4,0
DA:7,0
DA:8,0
DA:9,0
DA:17,0
LF:8
LH:0
BRF:0
BRH:0
end_of_record
TN:
SF:src\user\service\user.service.ts
FN:15,(anonymous_4)
FN:21,(anonymous_5)
FN:35,(anonymous_6)
FN:48,(anonymous_7)
FNF:4
FNH:4
FNDA:2,(anonymous_4)
FNDA:1,(anonymous_5)
FNDA:1,(anonymous_6)
FNDA:1,(anonymous_7)
DA:1,2
DA:6,2
DA:7,2
DA:8,2
DA:9,2
DA:10,2
DA:14,2
DA:17,2
DA:18,2
DA:22,1
DA:23,1
DA:24,0
DA:27,1
DA:28,1
DA:29,0
DA:32,1
DA:36,1
DA:37,1
DA:38,1
DA:49,1
DA:51,1
DA:52,1
DA:53,0
DA:56,1
DA:57,1
DA:62,1
DA:63,1
DA:64,1
LF:28
LH:25
BRDA:23,0,0,0
BRDA:28,1,0,0
BRDA:52,2,0,0
BRF:3
BRH:0
end_of_record
